0 info it worked if it ends with ok
1 verbose cli [ 'C:\\Program Files\\nodejs\\node.exe',
1 verbose cli   'C:\\Program Files\\nodejs\\node_modules\\npm\\bin\\npm-cli.js',
1 verbose cli   'start' ]
2 info using npm@3.10.10
3 info using node@v6.11.3
4 verbose run-script [ 'prestart', 'start', 'poststart' ]
5 info lifecycle mysite@1.0.0~prestart: mysite@1.0.0
6 silly lifecycle mysite@1.0.0~prestart: no script for prestart, continuing
7 info lifecycle mysite@1.0.0~start: mysite@1.0.0
8 verbose lifecycle mysite@1.0.0~start: unsafe-perm in lifecycle true
9 verbose lifecycle mysite@1.0.0~start: PATH: C:\Program Files\nodejs\node_modules\npm\bin\node-gyp-bin;E:\Projects\mysite\node_modules\.bin;C:\Program Files (x86)\cmder\bin;C:\Program Files (x86)\cmder\vendor\conemu-maximus5\ConEmu\Scripts;C:\Program Files (x86)\cmder\vendor\conemu-maximus5;C:\Program Files (x86)\cmder\vendor\conemu-maximus5\ConEmu;C:\Program Files (x86)\Intel\iCLS Client\;C:\Program Files\Intel\iCLS Client\;C:\Windows\system32;C:\Windows;C:\Windows\System32\Wbem;C:\Windows\System32\WindowsPowerShell\v1.0\;C:\Program Files (x86)\Intel\Intel(R) Management Engine Components\DAL;C:\Program Files\Intel\Intel(R) Management Engine Components\DAL;C:\Program Files (x86)\Intel\Intel(R) Management Engine Components\IPT;C:\Program Files\Intel\Intel(R) Management Engine Components\IPT;C:\Program Files (x86)\NVIDIA Corporation\PhysX\Common;C:\Program Files (x86)\Skype\Phone\;C:\Program Files\Git\cmd;C:\Program Files\nodejs\;C:\Users\nueva\AppData\Local\atom\bin;C:\curl\bin;C:\WINDOWS\system32;C:\WINDOWS;C:\WINDOWS\System32\Wbem;C:\WINDOWS\System32\WindowsPowerShell\v1.0\;C:\aws-cli-1.11.171\bin;C:\Users\nueva\AppData\Local\Programs\Python\Python36\Scripts;C:\Users\nueva\AppData\Local\Microsoft\WindowsApps;C:\Users\nueva\AppData\Roaming\npm;C:\Users\nueva\AppData\Roaming\Dashlane\4.7.2.30899\bin\Firefox_Extension\{442718d9-475e-452a-b3e1-fb1ee16b8e9f}\components;C:\Users\nueva\AppData\Roaming\Dashlane\4.7.2.30899\ucrt;;C:\Program Files\Git\usr\bin;C:\Program Files\Git\usr\share\vim\vim74;C:\Program Files (x86)\cmder\
10 verbose lifecycle mysite@1.0.0~start: CWD: E:\Projects\mysite
11 silly lifecycle mysite@1.0.0~start: Args: [ '/d /s /c', 'webpack-dev-server --open --hotOnly' ]
12 silly lifecycle mysite@1.0.0~start: Returned: code: 1  signal: null
13 info lifecycle mysite@1.0.0~start: Failed to exec start script
14 verbose stack Error: mysite@1.0.0 start: `webpack-dev-server --open --hotOnly`
14 verbose stack Exit status 1
14 verbose stack     at EventEmitter.<anonymous> (C:\Program Files\nodejs\node_modules\npm\lib\utils\lifecycle.js:255:16)
14 verbose stack     at emitTwo (events.js:106:13)
14 verbose stack     at EventEmitter.emit (events.js:191:7)
14 verbose stack     at ChildProcess.<anonymous> (C:\Program Files\nodejs\node_modules\npm\lib\utils\spawn.js:40:14)
14 verbose stack     at emitTwo (events.js:106:13)
14 verbose stack     at ChildProcess.emit (events.js:191:7)
14 verbose stack     at maybeClose (internal/child_process.js:920:16)
14 verbose stack     at Process.ChildProcess._handle.onexit (internal/child_process.js:230:5)
15 verbose pkgid mysite@1.0.0
16 verbose cwd E:\Projects\mysite
17 error Windows_NT 10.0.15063
18 error argv "C:\\Program Files\\nodejs\\node.exe" "C:\\Program Files\\nodejs\\node_modules\\npm\\bin\\npm-cli.js" "start"
19 error node v6.11.3
20 error npm  v3.10.10
21 error code ELIFECYCLE
22 error mysite@1.0.0 start: `webpack-dev-server --open --hotOnly`
22 error Exit status 1
23 error Failed at the mysite@1.0.0 start script 'webpack-dev-server --open --hotOnly'.
23 error Make sure you have the latest version of node.js and npm installed.
23 error If you do, this is most likely a problem with the mysite package,
23 error not with npm itself.
23 error Tell the author that this fails on your system:
23 error     webpack-dev-server --open --hotOnly
23 error You can get information on how to open an issue for this project with:
23 error     npm bugs mysite
23 error Or if that isn't available, you can get their info via:
23 error     npm owner ls mysite
23 error There is likely additional logging output above.
24 verbose exit [ 1, true ]
